<?xml version="1.0" encoding="UTF-8"?>
<coverage generated="1782219405884" clover="3.2.0">
  <project timestamp="1782219405884" name="All files">
    <metrics statements="152" coveredstatements="112" conditionals="59" coveredconditionals="42" methods="39" coveredmethods="27" elements="250" coveredelements="181" complexity="0" loc="152" ncloc="152" packages="4" files="6" classes="6"/>
    <package name="apps.server.src.__tests__">
      <metrics statements="13" coveredstatements="12" conditionals="6" coveredconditionals="6" methods="7" coveredmethods="6"/>
      <file name="mock-pool.ts" path="/home/p31/bonding/apps/server/src/__tests__/mock-pool.ts">
        <metrics statements="13" coveredstatements="12" conditionals="6" coveredconditionals="6" methods="7" coveredmethods="6"/>
        <line num="17" count="4" type="stmt"/>
        <line num="21" count="61" type="stmt"/>
        <line num="25" count="52" type="stmt"/>
        <line num="26" count="52" type="stmt"/>
        <line num="31" count="4" type="stmt"/>
        <line num="42" count="22" type="stmt"/>
        <line num="43" count="46" type="stmt"/>
        <line num="44" count="94" type="cond" truecount="2" falsecount="0"/>
        <line num="45" count="80" type="cond" truecount="2" falsecount="0"/>
        <line num="46" count="37" type="stmt"/>
        <line num="49" count="14" type="cond" truecount="2" falsecount="0"/>
        <line num="50" count="9" type="stmt"/>
        <line num="54" count="0" type="stmt"/>
      </file>
    </package>
    <package name="apps.server.src.db">
      <metrics statements="18" coveredstatements="2" conditionals="2" coveredconditionals="2" methods="4" coveredmethods="0"/>
      <file name="pool.ts" path="/home/p31/bonding/apps/server/src/db/pool.ts">
        <metrics statements="18" coveredstatements="2" conditionals="2" coveredconditionals="2" methods="4" coveredmethods="0"/>
        <line num="6" count="1" type="stmt"/>
        <line num="8" count="1" type="stmt"/>
        <line num="15" count="0" type="stmt"/>
        <line num="16" count="0" type="stmt"/>
        <line num="17" count="0" type="stmt"/>
        <line num="18" count="0" type="stmt"/>
        <line num="19" count="0" type="stmt"/>
        <line num="20" count="0" type="stmt"/>
        <line num="25" count="0" type="stmt"/>
        <line num="29" count="0" type="stmt"/>
        <line num="30" count="0" type="stmt"/>
        <line num="31" count="0" type="stmt"/>
        <line num="32" count="0" type="stmt"/>
        <line num="33" count="0" type="stmt"/>
        <line num="34" count="0" type="stmt"/>
        <line num="36" count="0" type="stmt"/>
        <line num="37" count="0" type="stmt"/>
        <line num="39" count="0" type="stmt"/>
      </file>
    </package>
    <package name="apps.server.src.services">
      <metrics statements="95" coveredstatements="72" conditionals="42" coveredconditionals="25" methods="26" coveredmethods="19"/>
      <file name="game-loop.ts" path="/home/p31/bonding/apps/server/src/services/game-loop.ts">
        <metrics statements="41" coveredstatements="37" conditionals="21" coveredconditionals="15" methods="10" coveredmethods="8"/>
        <line num="4" count="2" type="cond" truecount="2" falsecount="0"/>
        <line num="5" count="2" type="cond" truecount="2" falsecount="0"/>
        <line num="8" count="10" type="stmt"/>
        <line num="9" count="10" type="stmt"/>
        <line num="10" count="10" type="cond" truecount="1" falsecount="1"/>
        <line num="11" count="10" type="stmt"/>
        <line num="37" count="2" type="stmt"/>
        <line num="38" count="2" type="stmt"/>
        <line num="42" count="2" type="stmt"/>
        <line num="46" count="4" type="stmt"/>
        <line num="47" count="4" type="stmt"/>
        <line num="51" count="4" type="cond" truecount="2" falsecount="0"/>
        <line num="53" count="3" type="stmt"/>
        <line num="54" count="3" type="cond" truecount="2" falsecount="0"/>
        <line num="55" count="4" type="stmt"/>
        <line num="60" count="3" type="cond" truecount="2" falsecount="0"/>
        <line num="63" count="2" type="stmt"/>
        <line num="64" count="2" type="stmt"/>
        <line num="66" count="2" type="stmt"/>
        <line num="75" count="2" type="stmt"/>
        <line num="76" count="2" type="stmt"/>
        <line num="79" count="2" type="stmt"/>
        <line num="85" count="2" type="stmt"/>
        <line num="86" count="2" type="stmt"/>
        <line num="88" count="2" type="stmt"/>
        <line num="93" count="6" type="stmt"/>
        <line num="94" count="6" type="stmt"/>
        <line num="99" count="6" type="stmt"/>
        <line num="102" count="6" type="stmt"/>
        <line num="104" count="6" type="stmt"/>
        <line num="108" count="3" type="stmt"/>
        <line num="109" count="3" type="stmt"/>
        <line num="113" count="3" type="cond" truecount="2" falsecount="0"/>
        <line num="118" count="1" type="stmt"/>
        <line num="126" count="2" type="stmt"/>
        <line num="129" count="0" type="stmt"/>
        <line num="130" count="0" type="cond" truecount="0" falsecount="4"/>
        <line num="131" count="0" type="stmt"/>
        <line num="135" count="0" type="stmt"/>
        <line num="141" count="2" type="stmt"/>
        <line num="156" count="2" type="stmt"/>
      </file>
      <file name="valence.ts" path="/home/p31/bonding/apps/server/src/services/valence.ts">
        <metrics statements="42" coveredstatements="33" conditionals="16" coveredconditionals="10" methods="11" coveredmethods="10"/>
        <line num="3" count="3" type="stmt"/>
        <line num="4" count="3" type="stmt"/>
        <line num="5" count="3" type="stmt"/>
        <line num="6" count="3" type="stmt"/>
        <line num="9" count="3" type="stmt"/>
        <line num="12" count="3" type="stmt"/>
        <line num="15" count="1" type="stmt"/>
        <line num="19" count="3" type="stmt"/>
        <line num="23" count="3" type="cond" truecount="2" falsecount="0"/>
        <line num="24" count="2" type="stmt"/>
        <line num="25" count="2" type="cond" truecount="1" falsecount="1"/>
        <line num="26" count="0" type="stmt"/>
        <line num="29" count="0" type="cond" truecount="0" falsecount="2"/>
        <line num="30" count="0" type="stmt"/>
        <line num="31" count="0" type="stmt"/>
        <line num="34" count="3" type="cond" truecount="2" falsecount="0"/>
        <line num="35" count="3" type="cond" truecount="2" falsecount="0"/>
        <line num="38" count="10" type="stmt"/>
        <line num="39" count="10" type="stmt"/>
        <line num="40" count="10" type="cond" truecount="1" falsecount="1"/>
        <line num="41" count="10" type="stmt"/>
        <line num="59" count="10" type="stmt"/>
        <line num="63" count="10" type="stmt"/>
        <line num="64" count="10" type="stmt"/>
        <line num="68" count="3" type="stmt"/>
        <line num="72" count="3" type="cond" truecount="2" falsecount="0"/>
        <line num="73" count="2" type="stmt"/>
        <line num="75" count="1" type="stmt"/>
        <line num="79" count="1" type="stmt"/>
        <line num="83" count="0" type="stmt"/>
        <line num="84" count="0" type="cond" truecount="0" falsecount="2"/>
        <line num="85" count="0" type="stmt"/>
        <line num="86" count="0" type="stmt"/>
        <line num="87" count="0" type="stmt"/>
        <line num="93" count="10" type="stmt"/>
        <line num="94" count="10" type="stmt"/>
        <line num="95" count="11" type="stmt"/>
        <line num="98" count="8" type="stmt"/>
        <line num="99" count="8" type="stmt"/>
        <line num="100" count="8" type="stmt"/>
        <line num="101" count="8" type="stmt"/>
        <line num="103" count="8" type="stmt"/>
      </file>
      <file name="witness.ts" path="/home/p31/bonding/apps/server/src/services/witness.ts">
        <metrics statements="12" coveredstatements="2" conditionals="5" coveredconditionals="0" methods="5" coveredmethods="1"/>
        <line num="11" count="7" type="stmt"/>
        <line num="18" count="1" type="stmt"/>
        <line num="21" count="0" type="stmt"/>
        <line num="23" count="0" type="stmt"/>
        <line num="24" count="0" type="cond" truecount="0" falsecount="2"/>
        <line num="26" count="0" type="cond" truecount="0" falsecount="2"/>
        <line num="27" count="0" type="stmt"/>
        <line num="28" count="0" type="stmt"/>
        <line num="34" count="0" type="stmt"/>
        <line num="44" count="0" type="stmt"/>
        <line num="49" count="0" type="stmt"/>
        <line num="53" count="0" type="stmt"/>
      </file>
    </package>
    <package name="packages.shared-types.src">
      <metrics statements="26" coveredstatements="26" conditionals="9" coveredconditionals="9" methods="2" coveredmethods="2"/>
      <file name="index.ts" path="/home/p31/bonding/packages/shared-types/src/index.ts">
        <metrics statements="26" coveredstatements="26" conditionals="9" coveredconditionals="9" methods="2" coveredmethods="2"/>
        <line num="53" count="2" type="stmt"/>
        <line num="55" count="2" type="stmt"/>
        <line num="187" count="6" type="stmt"/>
        <line num="188" count="6" type="stmt"/>
        <line num="189" count="6" type="stmt"/>
        <line num="190" count="6" type="stmt"/>
        <line num="191" count="6" type="stmt"/>
        <line num="195" count="10" type="stmt"/>
        <line num="196" count="10" type="stmt"/>
        <line num="197" count="10" type="stmt"/>
        <line num="198" count="10" type="stmt"/>
        <line num="199" count="10" type="stmt"/>
        <line num="200" count="10" type="stmt"/>
        <line num="201" count="10" type="stmt"/>
        <line num="203" count="10" type="stmt"/>
        <line num="204" count="190" type="cond" truecount="2" falsecount="0"/>
        <line num="205" count="97" type="stmt"/>
        <line num="206" count="97" type="cond" truecount="2" falsecount="0"/>
        <line num="207" count="43" type="stmt"/>
        <line num="209" count="93" type="stmt"/>
        <line num="210" count="93" type="cond" truecount="2" falsecount="0"/>
        <line num="211" count="46" type="stmt"/>
        <line num="213" count="190" type="stmt"/>
        <line num="214" count="190" type="cond" truecount="2" falsecount="0"/>
        <line num="215" count="38" type="stmt"/>
        <line num="217" count="10" type="stmt"/>
      </file>
    </package>
  </project>
</coverage>
