{
  "/home/p31/bonding/apps/server/src/__tests__/mock-pool.ts": {
    "path": "/home/p31/bonding/apps/server/src/__tests__/mock-pool.ts",
    "statementMap": {
      "0": { "start": { "line": 17, "column": 4 }, "end": { "line": 17, "column": null } },
      "1": { "start": { "line": 17, "column": 26 }, "end": { "line": 17, "column": null } },
      "2": { "start": { "line": 21, "column": 4 }, "end": { "line": 21, "column": null } },
      "3": { "start": { "line": 25, "column": 19 }, "end": { "line": 25, "column": null } },
      "4": { "start": { "line": 26, "column": 4 }, "end": { "line": 26, "column": null } },
      "5": { "start": { "line": 31, "column": 4 }, "end": { "line": 31, "column": null } },
      "6": { "start": { "line": 42, "column": 2 }, "end": { "line": 55, "column": null } },
      "7": { "start": { "line": 43, "column": 4 }, "end": { "line": 53, "column": null } },
      "8": { "start": { "line": 44, "column": 6 }, "end": { "line": 52, "column": null } },
      "9": { "start": { "line": 45, "column": 8 }, "end": { "line": 47, "column": null } },
      "10": { "start": { "line": 46, "column": 10 }, "end": { "line": 46, "column": null } },
      "11": { "start": { "line": 49, "column": 8 }, "end": { "line": 51, "column": null } },
      "12": { "start": { "line": 50, "column": 10 }, "end": { "line": 50, "column": null } },
      "13": { "start": { "line": 54, "column": 4 }, "end": { "line": 54, "column": null } }
    },
    "fnMap": {
      "0": {
        "name": "constructor",
        "decl": { "start": { "line": 15, "column": 2 }, "end": { "line": 15, "column": 16 } },
        "loc": { "start": { "line": 15, "column": 16 }, "end": { "line": 18, "column": null } },
        "line": 15
      },
      "1": {
        "name": "(anonymous_1)",
        "decl": { "start": { "line": 17, "column": 19 }, "end": { "line": 17, "column": 26 } },
        "loc": { "start": { "line": 17, "column": 26 }, "end": { "line": 17, "column": null } },
        "line": 17
      },
      "2": {
        "name": "setHandler",
        "decl": { "start": { "line": 20, "column": 2 }, "end": { "line": 20, "column": 13 } },
        "loc": { "start": { "line": 20, "column": 36 }, "end": { "line": 22, "column": null } },
        "line": 20
      },
      "3": {
        "name": "query",
        "decl": { "start": { "line": 24, "column": 8 }, "end": { "line": 24, "column": 46 } },
        "loc": { "start": { "line": 24, "column": 101 }, "end": { "line": 27, "column": null } },
        "line": 24
      },
      "4": {
        "name": "transaction",
        "decl": { "start": { "line": 30, "column": 8 }, "end": { "line": 30, "column": 23 } },
        "loc": { "start": { "line": 30, "column": 93 }, "end": { "line": 32, "column": null } },
        "line": 30
      },
      "5": {
        "name": "matchHandler",
        "decl": { "start": { "line": 36, "column": 16 }, "end": { "line": 36, "column": null } },
        "loc": { "start": { "line": 41, "column": 16 }, "end": { "line": 56, "column": null } },
        "line": 41
      },
      "6": {
        "name": "(anonymous_6)",
        "decl": { "start": { "line": 42, "column": 9 }, "end": { "line": 42, "column": 10 } },
        "loc": { "start": { "line": 42, "column": 43 }, "end": { "line": 55, "column": null } },
        "line": 42
      }
    },
    "branchMap": {
      "0": {
        "loc": { "start": { "line": 44, "column": 6 }, "end": { "line": 52, "column": null } },
        "type": "if",
        "locations": [
          { "start": { "line": 44, "column": 6 }, "end": { "line": 52, "column": null } },
          { "start": { "line": 48, "column": 13 }, "end": { "line": 52, "column": null } }
        ],
        "line": 44
      },
      "1": {
        "loc": { "start": { "line": 45, "column": 8 }, "end": { "line": 47, "column": null } },
        "type": "if",
        "locations": [
          { "start": { "line": 45, "column": 8 }, "end": { "line": 47, "column": null } },
          { "start": {}, "end": {} }
        ],
        "line": 45
      },
      "2": {
        "loc": { "start": { "line": 49, "column": 8 }, "end": { "line": 51, "column": null } },
        "type": "if",
        "locations": [
          { "start": { "line": 49, "column": 8 }, "end": { "line": 51, "column": null } },
          { "start": {}, "end": {} }
        ],
        "line": 49
      }
    },
    "s": {
      "0": 4,
      "1": 0,
      "2": 61,
      "3": 52,
      "4": 52,
      "5": 4,
      "6": 22,
      "7": 46,
      "8": 94,
      "9": 80,
      "10": 37,
      "11": 14,
      "12": 9,
      "13": 0
    },
    "f": { "0": 4, "1": 0, "2": 61, "3": 52, "4": 4, "5": 22, "6": 46 },
    "b": { "0": [80, 14], "1": [37, 43], "2": [9, 5] },
    "meta": {
      "lastBranch": 3,
      "lastFunction": 7,
      "lastStatement": 14,
      "seen": {
        "f:15:2:15:16": 0,
        "s:17:4:17:Infinity": 0,
        "f:17:19:17:26": 1,
        "s:17:26:17:Infinity": 1,
        "f:20:2:20:13": 2,
        "s:21:4:21:Infinity": 2,
        "f:24:8:24:46": 3,
        "s:25:19:25:Infinity": 3,
        "s:26:4:26:Infinity": 4,
        "f:30:8:30:23": 4,
        "s:31:4:31:Infinity": 5,
        "f:36:16:36:Infinity": 5,
        "s:42:2:55:Infinity": 6,
        "f:42:9:42:10": 6,
        "s:43:4:53:Infinity": 7,
        "b:44:6:52:Infinity:48:13:52:Infinity": 0,
        "s:44:6:52:Infinity": 8,
        "b:45:8:47:Infinity:undefined:undefined:undefined:undefined": 1,
        "s:45:8:47:Infinity": 9,
        "s:46:10:46:Infinity": 10,
        "b:49:8:51:Infinity:undefined:undefined:undefined:undefined": 2,
        "s:49:8:51:Infinity": 11,
        "s:50:10:50:Infinity": 12,
        "s:54:4:54:Infinity": 13
      },
      "fnNames": {}
    }
  },
  "/home/p31/bonding/apps/server/src/db/pool.ts": {
    "path": "/home/p31/bonding/apps/server/src/db/pool.ts",
    "statementMap": {
      "0": { "start": { "line": 6, "column": 6 }, "end": { "line": 6, "column": null } },
      "1": { "start": { "line": 8, "column": 13 }, "end": { "line": 12, "column": null } },
      "2": { "start": { "line": 15, "column": 8 }, "end": { "line": 15, "column": null } },
      "3": { "start": { "line": 16, "column": 8 }, "end": { "line": 16, "column": null } },
      "4": { "start": { "line": 16, "column": 55 }, "end": { "line": 16, "column": 73 } },
      "5": { "start": { "line": 17, "column": 2 }, "end": { "line": 21, "column": null } },
      "6": { "start": { "line": 18, "column": 10 }, "end": { "line": 18, "column": null } },
      "7": { "start": { "line": 19, "column": 4 }, "end": { "line": 19, "column": null } },
      "8": { "start": { "line": 20, "column": 4 }, "end": { "line": 20, "column": null } },
      "9": { "start": { "line": 25, "column": 2 }, "end": { "line": 25, "column": null } },
      "10": { "start": { "line": 29, "column": 17 }, "end": { "line": 29, "column": null } },
      "11": { "start": { "line": 30, "column": 2 }, "end": { "line": 40, "column": null } },
      "12": { "start": { "line": 31, "column": 4 }, "end": { "line": 31, "column": null } },
      "13": { "start": { "line": 32, "column": 19 }, "end": { "line": 32, "column": null } },
      "14": { "start": { "line": 33, "column": 4 }, "end": { "line": 33, "column": null } },
      "15": { "start": { "line": 34, "column": 4 }, "end": { "line": 34, "column": null } },
      "16": { "start": { "line": 36, "column": 4 }, "end": { "line": 36, "column": null } },
      "17": { "start": { "line": 37, "column": 4 }, "end": { "line": 37, "column": null } },
      "18": { "start": { "line": 39, "column": 4 }, "end": { "line": 39, "column": null } }
    },
    "fnMap": {
      "0": {
        "name": "migrate",
        "decl": { "start": { "line": 14, "column": 22 }, "end": { "line": 14, "column": 47 } },
        "loc": { "start": { "line": 14, "column": 47 }, "end": { "line": 22, "column": null } },
        "line": 14
      },
      "1": {
        "name": "(anonymous_1)",
        "decl": { "start": { "line": 16, "column": 50 }, "end": { "line": 16, "column": 55 } },
        "loc": { "start": { "line": 16, "column": 55 }, "end": { "line": 16, "column": 73 } },
        "line": 16
      },
      "2": {
        "name": "query",
        "decl": { "start": { "line": 24, "column": 22 }, "end": { "line": 24, "column": 63 } },
        "loc": { "start": { "line": 24, "column": 121 }, "end": { "line": 26, "column": null } },
        "line": 24
      },
      "3": {
        "name": "transaction",
        "decl": { "start": { "line": 28, "column": 22 }, "end": { "line": 28, "column": 37 } },
        "loc": { "start": { "line": 28, "column": 92 }, "end": { "line": 41, "column": null } },
        "line": 28
      }
    },
    "branchMap": {
      "0": {
        "loc": { "start": { "line": 9, "column": 20 }, "end": { "line": 9, "column": null } },
        "type": "binary-expr",
        "locations": [
          { "start": { "line": 9, "column": 20 }, "end": { "line": 9, "column": 48 } },
          { "start": { "line": 9, "column": 48 }, "end": { "line": 9, "column": null } }
        ],
        "line": 9
      }
    },
    "s": {
      "0": 1,
      "1": 1,
      "2": 0,
      "3": 0,
      "4": 0,
      "5": 0,
      "6": 0,
      "7": 0,
      "8": 0,
      "9": 0,
      "10": 0,
      "11": 0,
      "12": 0,
      "13": 0,
      "14": 0,
      "15": 0,
      "16": 0,
      "17": 0,
      "18": 0
    },
    "f": { "0": 0, "1": 0, "2": 0, "3": 0 },
    "b": { "0": [1, 1] },
    "meta": {
      "lastBranch": 1,
      "lastFunction": 4,
      "lastStatement": 19,
      "seen": {
        "s:6:6:6:Infinity": 0,
        "s:8:13:12:Infinity": 1,
        "b:9:20:9:48:9:48:9:Infinity": 0,
        "f:14:22:14:47": 0,
        "s:15:8:15:Infinity": 2,
        "s:16:8:16:Infinity": 3,
        "f:16:50:16:55": 1,
        "s:16:55:16:73": 4,
        "s:17:2:21:Infinity": 5,
        "s:18:10:18:Infinity": 6,
        "s:19:4:19:Infinity": 7,
        "s:20:4:20:Infinity": 8,
        "f:24:22:24:63": 2,
        "s:25:2:25:Infinity": 9,
        "f:28:22:28:37": 3,
        "s:29:17:29:Infinity": 10,
        "s:30:2:40:Infinity": 11,
        "s:31:4:31:Infinity": 12,
        "s:32:19:32:Infinity": 13,
        "s:33:4:33:Infinity": 14,
        "s:34:4:34:Infinity": 15,
        "s:36:4:36:Infinity": 16,
        "s:37:4:37:Infinity": 17,
        "s:39:4:39:Infinity": 18
      },
      "fnNames": {}
    }
  },
  "/home/p31/bonding/apps/server/src/services/game-loop.ts": {
    "path": "/home/p31/bonding/apps/server/src/services/game-loop.ts",
    "statementMap": {
      "0": { "start": { "line": 4, "column": 20 }, "end": { "line": 4, "column": null } },
      "1": { "start": { "line": 5, "column": 22 }, "end": { "line": 5, "column": null } },
      "2": { "start": { "line": 8, "column": 2 }, "end": { "line": 25, "column": null } },
      "3": { "start": { "line": 9, "column": 44 }, "end": { "line": 9, "column": null } },
      "4": { "start": { "line": 10, "column": 4 }, "end": { "line": 10, "column": null } },
      "5": { "start": { "line": 10, "column": 23 }, "end": { "line": 10, "column": null } },
      "6": { "start": { "line": 11, "column": 4 }, "end": { "line": 24, "column": null } },
      "7": { "start": { "line": 37, "column": 8 }, "end": { "line": 37, "column": null } },
      "8": { "start": { "line": 38, "column": 2 }, "end": { "line": 41, "column": null } },
      "9": { "start": { "line": 42, "column": 2 }, "end": { "line": 42, "column": null } },
      "10": { "start": { "line": 46, "column": 2 }, "end": { "line": 89, "column": null } },
      "11": { "start": { "line": 47, "column": 17 }, "end": { "line": 50, "column": null } },
      "12": { "start": { "line": 51, "column": 4 }, "end": { "line": 51, "column": null } },
      "13": { "start": { "line": 51, "column": 32 }, "end": { "line": 51, "column": null } },
      "14": { "start": { "line": 53, "column": 14 }, "end": { "line": 53, "column": null } },
      "15": { "start": { "line": 54, "column": 19 }, "end": { "line": 54, "column": null } },
      "16": { "start": { "line": 55, "column": 4 }, "end": { "line": 58, "column": null } },
      "17": { "start": { "line": 60, "column": 4 }, "end": { "line": 60, "column": null } },
      "18": { "start": { "line": 60, "column": 17 }, "end": { "line": 60, "column": null } },
      "19": { "start": { "line": 63, "column": 27 }, "end": { "line": 63, "column": null } },
      "20": { "start": { "line": 64, "column": 10 }, "end": { "line": 64, "column": null } },
      "21": { "start": { "line": 66, "column": 4 }, "end": { "line": 72, "column": null } },
      "22": { "start": { "line": 75, "column": 4 }, "end": { "line": 75, "column": null } },
      "23": { "start": { "line": 76, "column": 4 }, "end": { "line": 76, "column": null } },
      "24": { "start": { "line": 79, "column": 4 }, "end": { "line": 83, "column": null } },
      "25": { "start": { "line": 85, "column": 4 }, "end": { "line": 85, "column": null } },
      "26": { "start": { "line": 86, "column": 4 }, "end": { "line": 86, "column": null } },
      "27": { "start": { "line": 88, "column": 4 }, "end": { "line": 88, "column": null } },
      "28": { "start": { "line": 93, "column": 8 }, "end": { "line": 93, "column": null } },
      "29": { "start": { "line": 94, "column": 2 }, "end": { "line": 98, "column": null } },
      "30": { "start": { "line": 99, "column": 2 }, "end": { "line": 100, "column": null } },
      "31": { "start": { "line": 102, "column": 2 }, "end": { "line": 102, "column": null } },
      "32": { "start": { "line": 104, "column": 2 }, "end": { "line": 104, "column": null } },
      "33": { "start": { "line": 108, "column": 17 }, "end": { "line": 108, "column": null } },
      "34": { "start": { "line": 109, "column": 17 }, "end": { "line": 112, "column": null } },
      "35": { "start": { "line": 113, "column": 2 }, "end": { "line": 113, "column": null } },
      "36": { "start": { "line": 118, "column": 2 }, "end": { "line": 121, "column": null } },
      "37": { "start": { "line": 126, "column": 23 }, "end": { "line": 126, "column": null } },
      "38": { "start": { "line": 129, "column": 22 }, "end": { "line": 129, "column": null } },
      "39": { "start": { "line": 130, "column": 2 }, "end": { "line": 130, "column": null } },
      "40": { "start": { "line": 130, "column": 60 }, "end": { "line": 130, "column": null } },
      "41": { "start": { "line": 131, "column": 2 }, "end": { "line": 131, "column": null } },
      "42": { "start": { "line": 135, "column": 2 }, "end": { "line": 135, "column": null } },
      "43": { "start": { "line": 141, "column": 17 }, "end": { "line": 155, "column": null } },
      "44": { "start": { "line": 156, "column": 2 }, "end": { "line": 156, "column": null } }
    },
    "fnMap": {
      "0": {
        "name": "pushK4ValenceEntry",
        "decl": { "start": { "line": 7, "column": 15 }, "end": { "line": 7, "column": 34 } },
        "loc": { "start": { "line": 7, "column": 113 }, "end": { "line": 26, "column": null } },
        "line": 7
      },
      "1": {
        "name": "createPing",
        "decl": { "start": { "line": 36, "column": 22 }, "end": { "line": 36, "column": 33 } },
        "loc": { "start": { "line": 36, "column": 108 }, "end": { "line": 43, "column": null } },
        "line": 36
      },
      "2": {
        "name": "respondToPing",
        "decl": { "start": { "line": 45, "column": 22 }, "end": { "line": 45, "column": 36 } },
        "loc": { "start": { "line": 45, "column": 115 }, "end": { "line": 90, "column": null } },
        "line": 45
      },
      "3": {
        "name": "(anonymous_3)",
        "decl": { "start": { "line": 46, "column": 21 }, "end": { "line": 46, "column": 28 } },
        "loc": { "start": { "line": 46, "column": 39 }, "end": { "line": 89, "column": 3 } },
        "line": 46
      },
      "4": {
        "name": "recordCheckIn",
        "decl": { "start": { "line": 92, "column": 22 }, "end": { "line": 92, "column": 36 } },
        "loc": { "start": { "line": 92, "column": 179 }, "end": { "line": 105, "column": null } },
        "line": 92
      },
      "5": {
        "name": "getOrCreateBondId",
        "decl": { "start": { "line": 107, "column": 22 }, "end": { "line": 107, "column": 40 } },
        "loc": { "start": { "line": 107, "column": 94 }, "end": { "line": 114, "column": null } },
        "line": 107
      },
      "6": {
        "name": "decayOldBonds",
        "decl": { "start": { "line": 116, "column": 22 }, "end": { "line": 116, "column": 53 } },
        "loc": { "start": { "line": 116, "column": 53 }, "end": { "line": 122, "column": null } },
        "line": 116
      },
      "7": {
        "name": "isRateLimited",
        "decl": { "start": { "line": 128, "column": 16 }, "end": { "line": 128, "column": 30 } },
        "loc": { "start": { "line": 128, "column": 84 }, "end": { "line": 132, "column": null } },
        "line": 128
      },
      "8": {
        "name": "updateRateLimit",
        "decl": { "start": { "line": 134, "column": 16 }, "end": { "line": 134, "column": 32 } },
        "loc": { "start": { "line": 134, "column": 54 }, "end": { "line": 136, "column": null } },
        "line": 134
      },
      "9": {
        "name": "getNearbyAtoms",
        "decl": { "start": { "line": 140, "column": 22 }, "end": { "line": 140, "column": 37 } },
        "loc": { "start": { "line": 140, "column": 124 }, "end": { "line": 157, "column": null } },
        "line": 140
      }
    },
    "branchMap": {
      "0": {
        "loc": { "start": { "line": 4, "column": 20 }, "end": { "line": 4, "column": null } },
        "type": "binary-expr",
        "locations": [
          { "start": { "line": 4, "column": 20 }, "end": { "line": 4, "column": 47 } },
          { "start": { "line": 4, "column": 47 }, "end": { "line": 4, "column": null } }
        ],
        "line": 4
      },
      "1": {
        "loc": { "start": { "line": 5, "column": 22 }, "end": { "line": 5, "column": null } },
        "type": "binary-expr",
        "locations": [
          { "start": { "line": 5, "column": 22 }, "end": { "line": 5, "column": 48 } },
          { "start": { "line": 5, "column": 48 }, "end": { "line": 5, "column": null } }
        ],
        "line": 5
      },
      "2": {
        "loc": { "start": { "line": 10, "column": 4 }, "end": { "line": 10, "column": null } },
        "type": "if",
        "locations": [
          { "start": { "line": 10, "column": 4 }, "end": { "line": 10, "column": null } },
          { "start": {}, "end": {} }
        ],
        "line": 10
      },
      "3": {
        "loc": { "start": { "line": 51, "column": 4 }, "end": { "line": 51, "column": null } },
        "type": "if",
        "locations": [
          { "start": { "line": 51, "column": 4 }, "end": { "line": 51, "column": null } },
          { "start": {}, "end": {} }
        ],
        "line": 51
      },
      "4": {
        "loc": { "start": { "line": 54, "column": 19 }, "end": { "line": 54, "column": null } },
        "type": "cond-expr",
        "locations": [
          { "start": { "line": 54, "column": 28 }, "end": { "line": 54, "column": 41 } },
          { "start": { "line": 54, "column": 41 }, "end": { "line": 54, "column": null } }
        ],
        "line": 54
      },
      "5": {
        "loc": { "start": { "line": 60, "column": 4 }, "end": { "line": 60, "column": null } },
        "type": "if",
        "locations": [
          { "start": { "line": 60, "column": 4 }, "end": { "line": 60, "column": null } },
          { "start": {}, "end": {} }
        ],
        "line": 60
      },
      "6": {
        "loc": { "start": { "line": 97, "column": 83 }, "end": { "line": 97, "column": 102 } },
        "type": "binary-expr",
        "locations": [
          { "start": { "line": 97, "column": 83 }, "end": { "line": 97, "column": 98 } },
          { "start": { "line": 97, "column": 98 }, "end": { "line": 97, "column": 102 } }
        ],
        "line": 97
      },
      "7": {
        "loc": { "start": { "line": 113, "column": 9 }, "end": { "line": 113, "column": null } },
        "type": "binary-expr",
        "locations": [
          { "start": { "line": 113, "column": 9 }, "end": { "line": 113, "column": 31 } },
          { "start": { "line": 113, "column": 31 }, "end": { "line": 113, "column": null } }
        ],
        "line": 113
      },
      "8": {
        "loc": { "start": { "line": 128, "column": 46 }, "end": { "line": 128, "column": 84 } },
        "type": "default-arg",
        "locations": [
          { "start": { "line": 128, "column": 67 }, "end": { "line": 128, "column": 84 } }
        ],
        "line": 128
      },
      "9": {
        "loc": { "start": { "line": 130, "column": 2 }, "end": { "line": 130, "column": null } },
        "type": "if",
        "locations": [
          { "start": { "line": 130, "column": 2 }, "end": { "line": 130, "column": null } },
          { "start": {}, "end": {} }
        ],
        "line": 130
      },
      "10": {
        "loc": { "start": { "line": 130, "column": 6 }, "end": { "line": 130, "column": 60 } },
        "type": "binary-expr",
        "locations": [
          { "start": { "line": 130, "column": 6 }, "end": { "line": 130, "column": 21 } },
          { "start": { "line": 130, "column": 21 }, "end": { "line": 130, "column": 60 } }
        ],
        "line": 130
      }
    },
    "s": {
      "0": 2,
      "1": 2,
      "2": 10,
      "3": 10,
      "4": 10,
      "5": 0,
      "6": 10,
      "7": 2,
      "8": 2,
      "9": 2,
      "10": 4,
      "11": 4,
      "12": 4,
      "13": 1,
      "14": 3,
      "15": 3,
      "16": 4,
      "17": 3,
      "18": 3,
      "19": 2,
      "20": 2,
      "21": 2,
      "22": 2,
      "23": 2,
      "24": 2,
      "25": 2,
      "26": 2,
      "27": 2,
      "28": 6,
      "29": 6,
      "30": 6,
      "31": 6,
      "32": 6,
      "33": 3,
      "34": 3,
      "35": 3,
      "36": 1,
      "37": 2,
      "38": 0,
      "39": 0,
      "40": 0,
      "41": 0,
      "42": 0,
      "43": 2,
      "44": 2
    },
    "f": { "0": 10, "1": 2, "2": 4, "3": 4, "4": 6, "5": 3, "6": 1, "7": 0, "8": 0, "9": 2 },
    "b": {
      "0": [2, 2],
      "1": [2, 2],
      "2": [0, 10],
      "3": [1, 3],
      "4": [2, 1],
      "5": [1, 2],
      "6": [6, 3],
      "7": [3, 1],
      "8": [0],
      "9": [0, 0],
      "10": [0, 0]
    },
    "meta": {
      "lastBranch": 11,
      "lastFunction": 10,
      "lastStatement": 45,
      "seen": {
        "s:4:20:4:Infinity": 0,
        "b:4:20:4:47:4:47:4:Infinity": 0,
        "s:5:22:5:Infinity": 1,
        "b:5:22:5:48:5:48:5:Infinity": 1,
        "f:7:15:7:34": 0,
        "s:8:2:25:Infinity": 2,
        "s:9:44:9:Infinity": 3,
        "b:10:4:10:Infinity:undefined:undefined:undefined:undefined": 2,
        "s:10:4:10:Infinity": 4,
        "s:10:23:10:Infinity": 5,
        "s:11:4:24:Infinity": 6,
        "f:36:22:36:33": 1,
        "s:37:8:37:Infinity": 7,
        "s:38:2:41:Infinity": 8,
        "s:42:2:42:Infinity": 9,
        "f:45:22:45:36": 2,
        "s:46:2:89:Infinity": 10,
        "f:46:21:46:28": 3,
        "s:47:17:50:Infinity": 11,
        "b:51:4:51:Infinity:undefined:undefined:undefined:undefined": 3,
        "s:51:4:51:Infinity": 12,
        "s:51:32:51:Infinity": 13,
        "s:53:14:53:Infinity": 14,
        "s:54:19:54:Infinity": 15,
        "b:54:28:54:41:54:41:54:Infinity": 4,
        "s:55:4:58:Infinity": 16,
        "b:60:4:60:Infinity:undefined:undefined:undefined:undefined": 5,
        "s:60:4:60:Infinity": 17,
        "s:60:17:60:Infinity": 18,
        "s:63:27:63:Infinity": 19,
        "s:64:10:64:Infinity": 20,
        "s:66:4:72:Infinity": 21,
        "s:75:4:75:Infinity": 22,
        "s:76:4:76:Infinity": 23,
        "s:79:4:83:Infinity": 24,
        "s:85:4:85:Infinity": 25,
        "s:86:4:86:Infinity": 26,
        "s:88:4:88:Infinity": 27,
        "f:92:22:92:36": 4,
        "s:93:8:93:Infinity": 28,
        "s:94:2:98:Infinity": 29,
        "b:97:83:97:98:97:98:97:102": 6,
        "s:99:2:100:Infinity": 30,
        "s:102:2:102:Infinity": 31,
        "s:104:2:104:Infinity": 32,
        "f:107:22:107:40": 5,
        "s:108:17:108:Infinity": 33,
        "s:109:17:112:Infinity": 34,
        "s:113:2:113:Infinity": 35,
        "b:113:9:113:31:113:31:113:Infinity": 7,
        "f:116:22:116:53": 6,
        "s:118:2:121:Infinity": 36,
        "s:126:23:126:Infinity": 37,
        "f:128:16:128:30": 7,
        "b:128:67:128:84": 8,
        "s:129:22:129:Infinity": 38,
        "b:130:2:130:Infinity:undefined:undefined:undefined:undefined": 9,
        "s:130:2:130:Infinity": 39,
        "b:130:6:130:21:130:21:130:60": 10,
        "s:130:60:130:Infinity": 40,
        "s:131:2:131:Infinity": 41,
        "f:134:16:134:32": 8,
        "s:135:2:135:Infinity": 42,
        "f:140:22:140:37": 9,
        "s:141:17:155:Infinity": 43,
        "s:156:2:156:Infinity": 44
      },
      "fnNames": {}
    }
  },
  "/home/p31/bonding/apps/server/src/services/valence.ts": {
    "path": "/home/p31/bonding/apps/server/src/services/valence.ts",
    "statementMap": {
      "0": { "start": { "line": 3, "column": 20 }, "end": { "line": 3, "column": null } },
      "1": { "start": { "line": 4, "column": 20 }, "end": { "line": 4, "column": null } },
      "2": { "start": { "line": 5, "column": 24 }, "end": { "line": 5, "column": null } },
      "3": { "start": { "line": 6, "column": 21 }, "end": { "line": 6, "column": null } },
      "4": { "start": { "line": 9, "column": 26 }, "end": { "line": 9, "column": null } },
      "5": { "start": { "line": 12, "column": 30 }, "end": { "line": 12, "column": null } },
      "6": { "start": { "line": 15, "column": 2 }, "end": { "line": 15, "column": null } },
      "7": { "start": { "line": 19, "column": 17 }, "end": { "line": 22, "column": null } },
      "8": { "start": { "line": 23, "column": 2 }, "end": { "line": 23, "column": null } },
      "9": { "start": { "line": 23, "column": 32 }, "end": { "line": 23, "column": null } },
      "10": { "start": { "line": 24, "column": 33 }, "end": { "line": 24, "column": null } },
      "11": { "start": { "line": 25, "column": 2 }, "end": { "line": 25, "column": null } },
      "12": { "start": { "line": 25, "column": 18 }, "end": { "line": 25, "column": null } },
      "13": { "start": { "line": 26, "column": 31 }, "end": { "line": 28, "column": null } },
      "14": { "start": { "line": 29, "column": 2 }, "end": { "line": 29, "column": null } },
      "15": { "start": { "line": 29, "column": 33 }, "end": { "line": 29, "column": null } },
      "16": { "start": { "line": 30, "column": 18 }, "end": { "line": 30, "column": null } },
      "17": { "start": { "line": 31, "column": 2 }, "end": { "line": 31, "column": null } },
      "18": { "start": { "line": 34, "column": 20 }, "end": { "line": 34, "column": null } },
      "19": { "start": { "line": 35, "column": 22 }, "end": { "line": 35, "column": null } },
      "20": { "start": { "line": 38, "column": 2 }, "end": { "line": 55, "column": null } },
      "21": { "start": { "line": 39, "column": 44 }, "end": { "line": 39, "column": null } },
      "22": { "start": { "line": 40, "column": 4 }, "end": { "line": 40, "column": null } },
      "23": { "start": { "line": 40, "column": 23 }, "end": { "line": 40, "column": null } },
      "24": { "start": { "line": 41, "column": 4 }, "end": { "line": 54, "column": null } },
      "25": { "start": { "line": 59, "column": 17 }, "end": { "line": 62, "column": null } },
      "26": { "start": { "line": 63, "column": 2 }, "end": { "line": 63, "column": null } },
      "27": { "start": { "line": 64, "column": 2 }, "end": { "line": 64, "column": null } },
      "28": { "start": { "line": 68, "column": 15 }, "end": { "line": 71, "column": null } },
      "29": { "start": { "line": 72, "column": 2 }, "end": { "line": 74, "column": null } },
      "30": { "start": { "line": 73, "column": 4 }, "end": { "line": 73, "column": null } },
      "31": { "start": { "line": 75, "column": 2 }, "end": { "line": 75, "column": null } },
      "32": { "start": { "line": 79, "column": 2 }, "end": { "line": 79, "column": null } },
      "33": { "start": { "line": 83, "column": 15 }, "end": { "line": 83, "column": null } },
      "34": { "start": { "line": 84, "column": 2 }, "end": { "line": 84, "column": null } },
      "35": { "start": { "line": 84, "column": 30 }, "end": { "line": 84, "column": null } },
      "36": { "start": { "line": 85, "column": 29 }, "end": { "line": 85, "column": null } },
      "37": { "start": { "line": 86, "column": 2 }, "end": { "line": 86, "column": null } },
      "38": { "start": { "line": 87, "column": 2 }, "end": { "line": 87, "column": null } },
      "39": { "start": { "line": 93, "column": 26 }, "end": { "line": 94, "column": null } },
      "40": { "start": { "line": 93, "column": 51 }, "end": { "line": 93, "column": 76 } },
      "41": { "start": { "line": 94, "column": 29 }, "end": { "line": 94, "column": 54 } },
      "42": { "start": { "line": 95, "column": 26 }, "end": { "line": 95, "column": null } },
      "43": { "start": { "line": 95, "column": 54 }, "end": { "line": 95, "column": 81 } },
      "44": { "start": { "line": 98, "column": 20 }, "end": { "line": 98, "column": null } },
      "45": { "start": { "line": 99, "column": 23 }, "end": { "line": 99, "column": null } },
      "46": { "start": { "line": 100, "column": 21 }, "end": { "line": 100, "column": null } },
      "47": { "start": { "line": 101, "column": 24 }, "end": { "line": 101, "column": null } },
      "48": { "start": { "line": 103, "column": 2 }, "end": { "line": 103, "column": null } }
    },
    "fnMap": {
      "0": {
        "name": "applyDailyDecay",
        "decl": { "start": { "line": 14, "column": 22 }, "end": { "line": 14, "column": 55 } },
        "loc": { "start": { "line": 14, "column": 55 }, "end": { "line": 16, "column": null } },
        "line": 14
      },
      "1": {
        "name": "getValence",
        "decl": { "start": { "line": 18, "column": 22 }, "end": { "line": 18, "column": 33 } },
        "loc": { "start": { "line": 18, "column": 66 }, "end": { "line": 32, "column": null } },
        "line": 18
      },
      "2": {
        "name": "pushK4ValenceEntry",
        "decl": { "start": { "line": 37, "column": 15 }, "end": { "line": 37, "column": 34 } },
        "loc": { "start": { "line": 37, "column": 96 }, "end": { "line": 56, "column": null } },
        "line": 37
      },
      "3": {
        "name": "adjustValence",
        "decl": { "start": { "line": 58, "column": 22 }, "end": { "line": 58, "column": 36 } },
        "loc": { "start": { "line": 58, "column": 84 }, "end": { "line": 65, "column": null } },
        "line": 58
      },
      "4": {
        "name": "boostCheckIn",
        "decl": { "start": { "line": 67, "column": 22 }, "end": { "line": 67, "column": 35 } },
        "loc": { "start": { "line": 67, "column": 84 }, "end": { "line": 76, "column": null } },
        "line": 67
      },
      "5": {
        "name": "penalizeRejection",
        "decl": { "start": { "line": 78, "column": 22 }, "end": { "line": 78, "column": 40 } },
        "loc": { "start": { "line": 78, "column": 73 }, "end": { "line": 80, "column": null } },
        "line": 78
      },
      "6": {
        "name": "distributeDividends",
        "decl": { "start": { "line": 82, "column": 22 }, "end": { "line": 82, "column": 42 } },
        "loc": { "start": { "line": 82, "column": 73 }, "end": { "line": 88, "column": null } },
        "line": 82
      },
      "7": {
        "name": "computeMatchScore",
        "decl": { "start": { "line": 92, "column": 16 }, "end": { "line": 92, "column": 34 } },
        "loc": { "start": { "line": 92, "column": 142 }, "end": { "line": 104, "column": null } },
        "line": 92
      },
      "8": {
        "name": "(anonymous_8)",
        "decl": { "start": { "line": 93, "column": 46 }, "end": { "line": 93, "column": 51 } },
        "loc": { "start": { "line": 93, "column": 51 }, "end": { "line": 93, "column": 76 } },
        "line": 93
      },
      "9": {
        "name": "(anonymous_9)",
        "decl": { "start": { "line": 94, "column": 24 }, "end": { "line": 94, "column": 29 } },
        "loc": { "start": { "line": 94, "column": 29 }, "end": { "line": 94, "column": 54 } },
        "line": 94
      },
      "10": {
        "name": "(anonymous_10)",
        "decl": { "start": { "line": 95, "column": 49 }, "end": { "line": 95, "column": 54 } },
        "loc": { "start": { "line": 95, "column": 54 }, "end": { "line": 95, "column": 81 } },
        "line": 95
      }
    },
    "branchMap": {
      "0": {
        "loc": { "start": { "line": 23, "column": 2 }, "end": { "line": 23, "column": null } },
        "type": "if",
        "locations": [
          { "start": { "line": 23, "column": 2 }, "end": { "line": 23, "column": null } },
          { "start": {}, "end": {} }
        ],
        "line": 23
      },
      "1": {
        "loc": { "start": { "line": 25, "column": 2 }, "end": { "line": 25, "column": null } },
        "type": "if",
        "locations": [
          { "start": { "line": 25, "column": 2 }, "end": { "line": 25, "column": null } },
          { "start": {}, "end": {} }
        ],
        "line": 25
      },
      "2": {
        "loc": { "start": { "line": 29, "column": 2 }, "end": { "line": 29, "column": null } },
        "type": "if",
        "locations": [
          { "start": { "line": 29, "column": 2 }, "end": { "line": 29, "column": null } },
          { "start": {}, "end": {} }
        ],
        "line": 29
      },
      "3": {
        "loc": { "start": { "line": 34, "column": 20 }, "end": { "line": 34, "column": null } },
        "type": "binary-expr",
        "locations": [
          { "start": { "line": 34, "column": 20 }, "end": { "line": 34, "column": 47 } },
          { "start": { "line": 34, "column": 47 }, "end": { "line": 34, "column": null } }
        ],
        "line": 34
      },
      "4": {
        "loc": { "start": { "line": 35, "column": 22 }, "end": { "line": 35, "column": null } },
        "type": "binary-expr",
        "locations": [
          { "start": { "line": 35, "column": 22 }, "end": { "line": 35, "column": 48 } },
          { "start": { "line": 35, "column": 48 }, "end": { "line": 35, "column": null } }
        ],
        "line": 35
      },
      "5": {
        "loc": { "start": { "line": 40, "column": 4 }, "end": { "line": 40, "column": null } },
        "type": "if",
        "locations": [
          { "start": { "line": 40, "column": 4 }, "end": { "line": 40, "column": null } },
          { "start": {}, "end": {} }
        ],
        "line": 40
      },
      "6": {
        "loc": { "start": { "line": 72, "column": 2 }, "end": { "line": 74, "column": null } },
        "type": "if",
        "locations": [
          { "start": { "line": 72, "column": 2 }, "end": { "line": 74, "column": null } },
          { "start": {}, "end": {} }
        ],
        "line": 72
      },
      "7": {
        "loc": { "start": { "line": 84, "column": 2 }, "end": { "line": 84, "column": null } },
        "type": "if",
        "locations": [
          { "start": { "line": 84, "column": 2 }, "end": { "line": 84, "column": null } },
          { "start": {}, "end": {} }
        ],
        "line": 84
      }
    },
    "s": {
      "0": 3,
      "1": 3,
      "2": 3,
      "3": 3,
      "4": 3,
      "5": 3,
      "6": 1,
      "7": 3,
      "8": 3,
      "9": 1,
      "10": 2,
      "11": 2,
      "12": 2,
      "13": 0,
      "14": 0,
      "15": 0,
      "16": 0,
      "17": 0,
      "18": 3,
      "19": 3,
      "20": 10,
      "21": 10,
      "22": 10,
      "23": 0,
      "24": 10,
      "25": 10,
      "26": 10,
      "27": 10,
      "28": 3,
      "29": 3,
      "30": 2,
      "31": 1,
      "32": 1,
      "33": 0,
      "34": 0,
      "35": 0,
      "36": 0,
      "37": 0,
      "38": 0,
      "39": 8,
      "40": 10,
      "41": 10,
      "42": 8,
      "43": 11,
      "44": 8,
      "45": 8,
      "46": 8,
      "47": 8,
      "48": 8
    },
    "f": {
      "0": 1,
      "1": 3,
      "2": 10,
      "3": 10,
      "4": 3,
      "5": 1,
      "6": 0,
      "7": 8,
      "8": 10,
      "9": 10,
      "10": 11
    },
    "b": {
      "0": [1, 2],
      "1": [2, 0],
      "2": [0, 0],
      "3": [3, 3],
      "4": [3, 3],
      "5": [0, 10],
      "6": [2, 1],
      "7": [0, 0]
    },
    "meta": {
      "lastBranch": 8,
      "lastFunction": 11,
      "lastStatement": 49,
      "seen": {
        "s:3:20:3:Infinity": 0,
        "s:4:20:4:Infinity": 1,
        "s:5:24:5:Infinity": 2,
        "s:6:21:6:Infinity": 3,
        "s:9:26:9:Infinity": 4,
        "s:12:30:12:Infinity": 5,
        "f:14:22:14:55": 0,
        "s:15:2:15:Infinity": 6,
        "f:18:22:18:33": 1,
        "s:19:17:22:Infinity": 7,
        "b:23:2:23:Infinity:undefined:undefined:undefined:undefined": 0,
        "s:23:2:23:Infinity": 8,
        "s:23:32:23:Infinity": 9,
        "s:24:33:24:Infinity": 10,
        "b:25:2:25:Infinity:undefined:undefined:undefined:undefined": 1,
        "s:25:2:25:Infinity": 11,
        "s:25:18:25:Infinity": 12,
        "s:26:31:28:Infinity": 13,
        "b:29:2:29:Infinity:undefined:undefined:undefined:undefined": 2,
        "s:29:2:29:Infinity": 14,
        "s:29:33:29:Infinity": 15,
        "s:30:18:30:Infinity": 16,
        "s:31:2:31:Infinity": 17,
        "s:34:20:34:Infinity": 18,
        "b:34:20:34:47:34:47:34:Infinity": 3,
        "s:35:22:35:Infinity": 19,
        "b:35:22:35:48:35:48:35:Infinity": 4,
        "f:37:15:37:34": 2,
        "s:38:2:55:Infinity": 20,
        "s:39:44:39:Infinity": 21,
        "b:40:4:40:Infinity:undefined:undefined:undefined:undefined": 5,
        "s:40:4:40:Infinity": 22,
        "s:40:23:40:Infinity": 23,
        "s:41:4:54:Infinity": 24,
        "f:58:22:58:36": 3,
        "s:59:17:62:Infinity": 25,
        "s:63:2:63:Infinity": 26,
        "s:64:2:64:Infinity": 27,
        "f:67:22:67:35": 4,
        "s:68:15:71:Infinity": 28,
        "b:72:2:74:Infinity:undefined:undefined:undefined:undefined": 6,
        "s:72:2:74:Infinity": 29,
        "s:73:4:73:Infinity": 30,
        "s:75:2:75:Infinity": 31,
        "f:78:22:78:40": 5,
        "s:79:2:79:Infinity": 32,
        "f:82:22:82:42": 6,
        "s:83:15:83:Infinity": 33,
        "b:84:2:84:Infinity:undefined:undefined:undefined:undefined": 7,
        "s:84:2:84:Infinity": 34,
        "s:84:30:84:Infinity": 35,
        "s:85:29:85:Infinity": 36,
        "s:86:2:86:Infinity": 37,
        "s:87:2:87:Infinity": 38,
        "f:92:16:92:34": 7,
        "s:93:26:94:Infinity": 39,
        "f:93:46:93:51": 8,
        "s:93:51:93:76": 40,
        "f:94:24:94:29": 9,
        "s:94:29:94:54": 41,
        "s:95:26:95:Infinity": 42,
        "f:95:49:95:54": 10,
        "s:95:54:95:81": 43,
        "s:98:20:98:Infinity": 44,
        "s:99:23:99:Infinity": 45,
        "s:100:21:100:Infinity": 46,
        "s:101:24:101:Infinity": 47,
        "s:103:2:103:Infinity": 48
      },
      "fnNames": {}
    }
  },
  "/home/p31/bonding/apps/server/src/services/witness.ts": {
    "path": "/home/p31/bonding/apps/server/src/services/witness.ts",
    "statementMap": {
      "0": { "start": { "line": 11, "column": 2 }, "end": { "line": 13, "column": null } },
      "1": { "start": { "line": 18, "column": 19 }, "end": { "line": 18, "column": null } },
      "2": { "start": { "line": 21, "column": 14 }, "end": { "line": 21, "column": null } },
      "3": { "start": { "line": 23, "column": 2 }, "end": { "line": 25, "column": null } },
      "4": { "start": { "line": 24, "column": 4 }, "end": { "line": 24, "column": null } },
      "5": { "start": { "line": 24, "column": 26 }, "end": { "line": 24, "column": null } },
      "6": { "start": { "line": 26, "column": 2 }, "end": { "line": 26, "column": null } },
      "7": { "start": { "line": 26, "column": 29 }, "end": { "line": 26, "column": null } },
      "8": { "start": { "line": 27, "column": 2 }, "end": { "line": 27, "column": null } },
      "9": { "start": { "line": 28, "column": 2 }, "end": { "line": 28, "column": null } },
      "10": { "start": { "line": 34, "column": 2 }, "end": { "line": 40, "column": null } },
      "11": { "start": { "line": 44, "column": 17 }, "end": { "line": 48, "column": null } },
      "12": { "start": { "line": 49, "column": 2 }, "end": { "line": 49, "column": null } },
      "13": { "start": { "line": 53, "column": 2 }, "end": { "line": 53, "column": null } }
    },
    "fnMap": {
      "0": {
        "name": "hashStatement",
        "decl": { "start": { "line": 10, "column": 16 }, "end": { "line": 10, "column": 30 } },
        "loc": { "start": { "line": 10, "column": 62 }, "end": { "line": 14, "column": null } },
        "line": 10
      },
      "1": {
        "name": "isNonceValid",
        "decl": { "start": { "line": 20, "column": 16 }, "end": { "line": 20, "column": 29 } },
        "loc": { "start": { "line": 20, "column": 77 }, "end": { "line": 29, "column": null } },
        "line": 20
      },
      "2": {
        "name": "recordWitness",
        "decl": { "start": { "line": 33, "column": 22 }, "end": { "line": 33, "column": 36 } },
        "loc": { "start": { "line": 33, "column": 112 }, "end": { "line": 41, "column": null } },
        "line": 33
      },
      "3": {
        "name": "getWitnessCount",
        "decl": { "start": { "line": 43, "column": 22 }, "end": { "line": 43, "column": 38 } },
        "loc": { "start": { "line": 43, "column": 97 }, "end": { "line": 50, "column": null } },
        "line": 43
      },
      "4": {
        "name": "needsWitnessConsensus",
        "decl": { "start": { "line": 52, "column": 16 }, "end": { "line": 52, "column": 38 } },
        "loc": { "start": { "line": 52, "column": 69 }, "end": { "line": 54, "column": null } },
        "line": 52
      }
    },
    "branchMap": {
      "0": {
        "loc": { "start": { "line": 20, "column": 44 }, "end": { "line": 20, "column": 77 } },
        "type": "default-arg",
        "locations": [
          { "start": { "line": 20, "column": 60 }, "end": { "line": 20, "column": 77 } }
        ],
        "line": 20
      },
      "1": {
        "loc": { "start": { "line": 24, "column": 4 }, "end": { "line": 24, "column": null } },
        "type": "if",
        "locations": [
          { "start": { "line": 24, "column": 4 }, "end": { "line": 24, "column": null } },
          { "start": {}, "end": {} }
        ],
        "line": 24
      },
      "2": {
        "loc": { "start": { "line": 26, "column": 2 }, "end": { "line": 26, "column": null } },
        "type": "if",
        "locations": [
          { "start": { "line": 26, "column": 2 }, "end": { "line": 26, "column": null } },
          { "start": {}, "end": {} }
        ],
        "line": 26
      }
    },
    "s": {
      "0": 7,
      "1": 1,
      "2": 0,
      "3": 0,
      "4": 0,
      "5": 0,
      "6": 0,
      "7": 0,
      "8": 0,
      "9": 0,
      "10": 0,
      "11": 0,
      "12": 0,
      "13": 0
    },
    "f": { "0": 7, "1": 0, "2": 0, "3": 0, "4": 0 },
    "b": { "0": [0], "1": [0, 0], "2": [0, 0] },
    "meta": {
      "lastBranch": 3,
      "lastFunction": 5,
      "lastStatement": 14,
      "seen": {
        "f:10:16:10:30": 0,
        "s:11:2:13:Infinity": 0,
        "s:18:19:18:Infinity": 1,
        "f:20:16:20:29": 1,
        "b:20:60:20:77": 0,
        "s:21:14:21:Infinity": 2,
        "s:23:2:25:Infinity": 3,
        "b:24:4:24:Infinity:undefined:undefined:undefined:undefined": 1,
        "s:24:4:24:Infinity": 4,
        "s:24:26:24:Infinity": 5,
        "b:26:2:26:Infinity:undefined:undefined:undefined:undefined": 2,
        "s:26:2:26:Infinity": 6,
        "s:26:29:26:Infinity": 7,
        "s:27:2:27:Infinity": 8,
        "s:28:2:28:Infinity": 9,
        "f:33:22:33:36": 2,
        "s:34:2:40:Infinity": 10,
        "f:43:22:43:38": 3,
        "s:44:17:48:Infinity": 11,
        "s:49:2:49:Infinity": 12,
        "f:52:16:52:38": 4,
        "s:53:2:53:Infinity": 13
      },
      "fnNames": {}
    }
  },
  "/home/p31/bonding/packages/shared-types/src/index.ts": {
    "path": "/home/p31/bonding/packages/shared-types/src/index.ts",
    "statementMap": {
      "0": { "start": { "line": 53, "column": 25 }, "end": { "line": 53, "column": null } },
      "1": { "start": { "line": 55, "column": 53 }, "end": { "line": 96, "column": null } },
      "2": { "start": { "line": 187, "column": 12 }, "end": { "line": 187, "column": null } },
      "3": { "start": { "line": 188, "column": 8 }, "end": { "line": 188, "column": null } },
      "4": { "start": { "line": 189, "column": 8 }, "end": { "line": 189, "column": null } },
      "5": { "start": { "line": 190, "column": 12 }, "end": { "line": 190, "column": null } },
      "6": { "start": { "line": 191, "column": 2 }, "end": { "line": 191, "column": null } },
      "7": { "start": { "line": 195, "column": 17 }, "end": { "line": 195, "column": null } },
      "8": { "start": { "line": 196, "column": 15 }, "end": { "line": 196, "column": 20 } },
      "9": { "start": { "line": 196, "column": 29 }, "end": { "line": 196, "column": null } },
      "10": { "start": { "line": 197, "column": 15 }, "end": { "line": 197, "column": 21 } },
      "11": { "start": { "line": 197, "column": 30 }, "end": { "line": 197, "column": null } },
      "12": { "start": { "line": 198, "column": 13 }, "end": { "line": 198, "column": null } },
      "13": { "start": { "line": 199, "column": 15 }, "end": { "line": 199, "column": null } },
      "14": { "start": { "line": 200, "column": 12 }, "end": { "line": 200, "column": null } },
      "15": { "start": { "line": 201, "column": 11 }, "end": { "line": 201, "column": null } },
      "16": { "start": { "line": 203, "column": 2 }, "end": { "line": 216, "column": null } },
      "17": { "start": { "line": 204, "column": 4 }, "end": { "line": 212, "column": null } },
      "18": { "start": { "line": 205, "column": 12 }, "end": { "line": 205, "column": null } },
      "19": { "start": { "line": 206, "column": 6 }, "end": { "line": 207, "column": null } },
      "20": { "start": { "line": 206, "column": 24 }, "end": { "line": 206, "column": 48 } },
      "21": { "start": { "line": 206, "column": 48 }, "end": { "line": 206, "column": 62 } },
      "22": { "start": { "line": 207, "column": 13 }, "end": { "line": 207, "column": 27 } },
      "23": { "start": { "line": 209, "column": 12 }, "end": { "line": 209, "column": null } },
      "24": { "start": { "line": 210, "column": 6 }, "end": { "line": 211, "column": null } },
      "25": { "start": { "line": 210, "column": 24 }, "end": { "line": 210, "column": 48 } },
      "26": { "start": { "line": 210, "column": 48 }, "end": { "line": 210, "column": 62 } },
      "27": { "start": { "line": 211, "column": 13 }, "end": { "line": 211, "column": 27 } },
      "28": { "start": { "line": 213, "column": 4 }, "end": { "line": 213, "column": null } },
      "29": { "start": { "line": 214, "column": 4 }, "end": { "line": 215, "column": null } },
      "30": { "start": { "line": 214, "column": 19 }, "end": { "line": 214, "column": 26 } },
      "31": { "start": { "line": 215, "column": 11 }, "end": { "line": 215, "column": 31 } },
      "32": { "start": { "line": 215, "column": 31 }, "end": { "line": 215, "column": 40 } },
      "33": { "start": { "line": 215, "column": 40 }, "end": { "line": 215, "column": 48 } },
      "34": { "start": { "line": 217, "column": 2 }, "end": { "line": 217, "column": null } }
    },
    "fnMap": {
      "0": {
        "name": "distanceMeters",
        "decl": { "start": { "line": 186, "column": 16 }, "end": { "line": 186, "column": 31 } },
        "loc": { "start": { "line": 186, "column": 95 }, "end": { "line": 192, "column": null } },
        "line": 186
      },
      "1": {
        "name": "geohashEncode",
        "decl": { "start": { "line": 194, "column": 16 }, "end": { "line": 194, "column": 30 } },
        "loc": { "start": { "line": 194, "column": 87 }, "end": { "line": 218, "column": null } },
        "line": 194
      }
    },
    "branchMap": {
      "0": {
        "loc": { "start": { "line": 194, "column": 56 }, "end": { "line": 194, "column": 87 } },
        "type": "default-arg",
        "locations": [
          { "start": { "line": 194, "column": 76 }, "end": { "line": 194, "column": 87 } }
        ],
        "line": 194
      },
      "1": {
        "loc": { "start": { "line": 204, "column": 4 }, "end": { "line": 212, "column": null } },
        "type": "if",
        "locations": [
          { "start": { "line": 204, "column": 4 }, "end": { "line": 212, "column": null } },
          { "start": { "line": 208, "column": 11 }, "end": { "line": 212, "column": null } }
        ],
        "line": 204
      },
      "2": {
        "loc": { "start": { "line": 206, "column": 6 }, "end": { "line": 207, "column": null } },
        "type": "if",
        "locations": [
          { "start": { "line": 206, "column": 6 }, "end": { "line": 207, "column": null } },
          { "start": { "line": 207, "column": 11 }, "end": { "line": 207, "column": null } }
        ],
        "line": 206
      },
      "3": {
        "loc": { "start": { "line": 210, "column": 6 }, "end": { "line": 211, "column": null } },
        "type": "if",
        "locations": [
          { "start": { "line": 210, "column": 6 }, "end": { "line": 211, "column": null } },
          { "start": { "line": 211, "column": 11 }, "end": { "line": 211, "column": null } }
        ],
        "line": 210
      },
      "4": {
        "loc": { "start": { "line": 214, "column": 4 }, "end": { "line": 215, "column": null } },
        "type": "if",
        "locations": [
          { "start": { "line": 214, "column": 4 }, "end": { "line": 215, "column": null } },
          { "start": { "line": 215, "column": 9 }, "end": { "line": 215, "column": null } }
        ],
        "line": 214
      }
    },
    "s": {
      "0": 2,
      "1": 2,
      "2": 6,
      "3": 6,
      "4": 6,
      "5": 6,
      "6": 6,
      "7": 10,
      "8": 10,
      "9": 10,
      "10": 10,
      "11": 10,
      "12": 10,
      "13": 10,
      "14": 10,
      "15": 10,
      "16": 10,
      "17": 190,
      "18": 97,
      "19": 97,
      "20": 54,
      "21": 54,
      "22": 43,
      "23": 93,
      "24": 93,
      "25": 47,
      "26": 47,
      "27": 46,
      "28": 190,
      "29": 190,
      "30": 152,
      "31": 38,
      "32": 38,
      "33": 38,
      "34": 10
    },
    "f": { "0": 6, "1": 10 },
    "b": { "0": [10], "1": [97, 93], "2": [54, 43], "3": [47, 46], "4": [152, 38] },
    "meta": {
      "lastBranch": 5,
      "lastFunction": 2,
      "lastStatement": 35,
      "seen": {
        "s:53:25:53:Infinity": 0,
        "s:55:53:96:Infinity": 1,
        "f:186:16:186:31": 0,
        "s:187:12:187:Infinity": 2,
        "s:188:8:188:Infinity": 3,
        "s:189:8:189:Infinity": 4,
        "s:190:12:190:Infinity": 5,
        "s:191:2:191:Infinity": 6,
        "f:194:16:194:30": 1,
        "b:194:76:194:87": 0,
        "s:195:17:195:Infinity": 7,
        "s:196:15:196:20": 8,
        "s:196:29:196:Infinity": 9,
        "s:197:15:197:21": 10,
        "s:197:30:197:Infinity": 11,
        "s:198:13:198:Infinity": 12,
        "s:199:15:199:Infinity": 13,
        "s:200:12:200:Infinity": 14,
        "s:201:11:201:Infinity": 15,
        "s:203:2:216:Infinity": 16,
        "b:204:4:212:Infinity:208:11:212:Infinity": 1,
        "s:204:4:212:Infinity": 17,
        "s:205:12:205:Infinity": 18,
        "b:206:6:207:Infinity:207:11:207:Infinity": 2,
        "s:206:6:207:Infinity": 19,
        "s:206:24:206:48": 20,
        "s:206:48:206:62": 21,
        "s:207:13:207:27": 22,
        "s:209:12:209:Infinity": 23,
        "b:210:6:211:Infinity:211:11:211:Infinity": 3,
        "s:210:6:211:Infinity": 24,
        "s:210:24:210:48": 25,
        "s:210:48:210:62": 26,
        "s:211:13:211:27": 27,
        "s:213:4:213:Infinity": 28,
        "b:214:4:215:Infinity:215:9:215:Infinity": 4,
        "s:214:4:215:Infinity": 29,
        "s:214:19:214:26": 30,
        "s:215:11:215:31": 31,
        "s:215:31:215:40": 32,
        "s:215:40:215:48": 33,
        "s:217:2:217:Infinity": 34
      },
      "fnNames": {}
    }
  }
}
